\BOOKMARK [0][-]{chapter.1}{Introduction to PyRAF}{}% 1
\BOOKMARK [1][-]{section.1.1}{What is PyRAF? }{chapter.1}% 2
\BOOKMARK [2][-]{subsection.1.1.1}{IRAF}{section.1.1}% 3
\BOOKMARK [1][-]{section.1.2}{Getting Started}{chapter.1}% 4
\BOOKMARK [2][-]{subsection.1.2.1}{login.cl file}{section.1.2}% 5
\BOOKMARK [2][-]{subsection.1.2.2}{IRAF, IRAFX, and IRAFDEV}{section.1.2}% 6
\BOOKMARK [2][-]{subsection.1.2.3}{Exercises}{section.1.2}% 7
\BOOKMARK [1][-]{section.1.3}{The Basics}{chapter.1}% 8
\BOOKMARK [2][-]{subsection.1.3.1}{Navigation}{section.1.3}% 9
\BOOKMARK [2][-]{subsection.1.3.2}{Help}{section.1.3}% 10
\BOOKMARK [2][-]{subsection.1.3.3}{epar}{section.1.3}% 11
\BOOKMARK [2][-]{subsection.1.3.4}{Using a List as Input}{section.1.3}% 12
\BOOKMARK [2][-]{subsection.1.3.5}{importing function}{section.1.3}% 13
\BOOKMARK [2][-]{subsection.1.3.6}{Exercises}{section.1.3}% 14
\BOOKMARK [0][-]{chapter.2}{Useful IRAF Tasks }{}% 15
\BOOKMARK [1][-]{section.2.1}{General}{chapter.2}% 16
\BOOKMARK [2][-]{subsection.2.1.1}{Institute Specific Packages}{section.2.1}% 17
\BOOKMARK [3][-]{subsubsection.2.1.1.1}{stsdas}{subsection.2.1.1}% 18
\BOOKMARK [3][-]{subsubsection.2.1.1.2}{hst\137calib}{subsection.2.1.1}% 19
\BOOKMARK [2][-]{subsection.2.1.2}{catfits}{section.2.1}% 20
\BOOKMARK [2][-]{subsection.2.1.3}{Header Information}{section.2.1}% 21
\BOOKMARK [3][-]{subsubsection.2.1.3.1}{imheader}{subsection.2.1.3}% 22
\BOOKMARK [3][-]{subsubsection.2.1.3.2}{hselect}{subsection.2.1.3}% 23
\BOOKMARK [3][-]{subsubsection.2.1.3.3}{hedit}{subsection.2.1.3}% 24
\BOOKMARK [2][-]{subsection.2.1.4}{Exercises}{section.2.1}% 25
\BOOKMARK [1][-]{section.2.2}{Images}{chapter.2}% 26
\BOOKMARK [2][-]{subsection.2.2.1}{display}{section.2.2}% 27
\BOOKMARK [2][-]{subsection.2.2.2}{imexamine}{section.2.2}% 28
\BOOKMARK [2][-]{subsection.2.2.3}{imstatistics}{section.2.2}% 29
\BOOKMARK [2][-]{subsection.2.2.4}{imcalc}{section.2.2}% 30
\BOOKMARK [2][-]{subsection.2.2.5}{Exercises}{section.2.2}% 31
\BOOKMARK [1][-]{section.2.3}{Photometry}{chapter.2}% 32
\BOOKMARK [2][-]{subsection.2.3.1}{daofind}{section.2.3}% 33
\BOOKMARK [2][-]{subsection.2.3.2}{tvmark}{section.2.3}% 34
\BOOKMARK [2][-]{subsection.2.3.3}{phot}{section.2.3}% 35
\BOOKMARK [2][-]{subsection.2.3.4}{Exercises}{section.2.3}% 36
\BOOKMARK [1][-]{section.2.4}{Tables}{chapter.2}% 37
\BOOKMARK [2][-]{subsection.2.4.1}{tdump}{section.2.4}% 38
\BOOKMARK [2][-]{subsection.2.4.2}{tmerge}{section.2.4}% 39
\BOOKMARK [2][-]{subsection.2.4.3}{tcalc}{section.2.4}% 40
\BOOKMARK [2][-]{subsection.2.4.4}{Exercises}{section.2.4}% 41
\BOOKMARK [1][-]{section.2.5}{Spectroscopy}{chapter.2}% 42
\BOOKMARK [2][-]{subsection.2.5.1}{tomultispec}{section.2.5}% 43
\BOOKMARK [2][-]{subsection.2.5.2}{scombine}{section.2.5}% 44
\BOOKMARK [2][-]{subsection.2.5.3}{continuum}{section.2.5}% 45
\BOOKMARK [2][-]{subsection.2.5.4}{splot}{section.2.5}% 46
\BOOKMARK [2][-]{subsection.2.5.5}{Exercises}{section.2.5}% 47
