\BOOKMARK [0][-]{chapter.1}{Basic Python Concepts}{}% 1
\BOOKMARK [1][-]{section.1.1}{Introduction }{chapter.1}% 2
\BOOKMARK [2][-]{subsection.1.1.1}{A Few Notes on Python}{section.1.1}% 3
\BOOKMARK [1][-]{section.1.2}{Environment and Set Up}{chapter.1}% 4
\BOOKMARK [2][-]{subsection.1.2.1}{SSB Environment}{section.1.2}% 5
\BOOKMARK [2][-]{subsection.1.2.2}{Interactive Python Environment}{section.1.2}% 6
\BOOKMARK [1][-]{section.1.3}{Built-In Data Types}{chapter.1}% 7
\BOOKMARK [1][-]{section.1.4}{Objects, Instances, Attributes, Functions, and Methods, }{chapter.1}% 8
\BOOKMARK [1][-]{section.1.5}{Double Underscore}{chapter.1}% 9
\BOOKMARK [1][-]{section.1.6}{Common Built-In Functions and Statements}{chapter.1}% 10
\BOOKMARK [2][-]{subsection.1.6.1}{ print \040function}{section.1.6}% 11
\BOOKMARK [2][-]{subsection.1.6.2}{ help\(\) \040function}{section.1.6}% 12
\BOOKMARK [2][-]{subsection.1.6.3}{ range\(\) \040function}{section.1.6}% 13
\BOOKMARK [2][-]{subsection.1.6.4}{ dir\(\) \040function}{section.1.6}% 14
\BOOKMARK [2][-]{subsection.1.6.5}{ len\(\) \040function}{section.1.6}% 15
\BOOKMARK [2][-]{subsection.1.6.6}{ for \040loop}{section.1.6}% 16
\BOOKMARK [2][-]{subsection.1.6.7}{ xrange\(\) \040function}{section.1.6}% 17
\BOOKMARK [2][-]{subsection.1.6.8}{ try ... except \040statement}{section.1.6}% 18
\BOOKMARK [1][-]{section.1.7}{Importing Modules, and Common Functions}{chapter.1}% 19
\BOOKMARK [2][-]{subsection.1.7.1}{ math.sqrt\(\) \040function}{section.1.7}% 20
\BOOKMARK [2][-]{subsection.1.7.2}{ glob.glob\(\) \040function}{section.1.7}% 21
\BOOKMARK [2][-]{subsection.1.7.3}{ random.random\(\) \040function}{section.1.7}% 22
\BOOKMARK [2][-]{subsection.1.7.4}{ re.search\(\) \040function}{section.1.7}% 23
\BOOKMARK [2][-]{subsection.1.7.5}{ os.getcwd\(\) and os.chdir\(\) \040functions}{section.1.7}% 24
\BOOKMARK [2][-]{subsection.1.7.6}{ sys.exit\(\) function}{section.1.7}% 25
\BOOKMARK [0][-]{chapter.2}{NumPy and Data Arrays}{}% 26
\BOOKMARK [1][-]{section.2.1}{The Uses of NumPy }{chapter.2}% 27
\BOOKMARK [2][-]{subsection.2.1.1}{NumPy's array vs. Python's built-in list}{section.2.1}% 28
\BOOKMARK [2][-]{subsection.2.1.2}{ numpy.array\(\) \040function}{section.2.1}% 29
\BOOKMARK [1][-]{section.2.2}{What a NumPy array really is and a word of caution}{chapter.2}% 30
\BOOKMARK [2][-]{subsection.2.2.1}{ numpy.copy\(\) \040function}{section.2.2}% 31
\BOOKMARK [1][-]{section.2.3}{Other Common NumPy Functions}{chapter.2}% 32
\BOOKMARK [2][-]{subsection.2.3.1}{ numpy.arange\(\) \040function}{section.2.3}% 33
\BOOKMARK [2][-]{subsection.2.3.2}{ numpy.empty\(\) \040function}{section.2.3}% 34
\BOOKMARK [2][-]{subsection.2.3.3}{ numpy.where\(\) \040function}{section.2.3}% 35
\BOOKMARK [0][-]{chapter.3}{Handeling FITS files and ASCII data tables using Astropy}{}% 36
\BOOKMARK [1][-]{section.3.1}{Opening, Reading, and Closing a FITS File}{chapter.3}% 37
\BOOKMARK [1][-]{section.3.2}{fits.getval\(\) and fits.setval\(\) functions}{chapter.3}% 38
\BOOKMARK [1][-]{section.3.3}{Reading and Writing ASCII Data Files}{chapter.3}% 39
\BOOKMARK [2][-]{subsection.3.3.1}{ astropy.io.ascii.read\(\) function}{section.3.3}% 40
\BOOKMARK [2][-]{subsection.3.3.2}{ astropy.io.ascii.write\(\) \040function}{section.3.3}% 41
\BOOKMARK [0][-]{chapter.4}{Plotting with PyPlot}{}% 42
\BOOKMARK [1][-]{section.4.1}{matplotlib.pyplot}{chapter.4}% 43
\BOOKMARK [1][-]{section.4.2}{Create a Simple Scatter Plot}{chapter.4}% 44
\BOOKMARK [1][-]{section.4.3}{Markers, Lines, and Legends}{chapter.4}% 45
\BOOKMARK [1][-]{section.4.4}{Error Bars}{chapter.4}% 46
\BOOKMARK [1][-]{section.4.5}{Display Year-Month-Day Dates as Tick Labels}{chapter.4}% 47
\BOOKMARK [1][-]{section.4.6}{Display Plots Side-by-Side}{chapter.4}% 48
\BOOKMARK [1][-]{section.4.7}{Display a FITS Image}{chapter.4}% 49
\BOOKMARK [0][-]{chapter.5}{IPython Notebook}{}% 50
\BOOKMARK [1][-]{section.5.1}{Getting Started}{chapter.5}% 51
\BOOKMARK [1][-]{section.5.2}{Plotting Inline}{chapter.5}% 52
\BOOKMARK [1][-]{section.5.3}{Notebook Examples}{chapter.5}% 53
\BOOKMARK [0][-]{chapter.6}{Python Scripts and Functions}{}% 54
\BOOKMARK [1][-]{section.6.1}{hotpix\137monitor.py}{chapter.6}% 55
\BOOKMARK [1][-]{section.6.2}{Executing Python Scripts}{chapter.6}% 56
\BOOKMARK [1][-]{section.6.3}{Error Handling and pdb.set\137trace\(\)}{chapter.6}% 57
\BOOKMARK [1][-]{section.6.4}{More about Python Coding Styles and Best Practices}{chapter.6}% 58
\BOOKMARK [0][-]{chapter.7}{PyRAF}{}% 59
\BOOKMARK [1][-]{section.7.1}{PyRAF Introduction}{chapter.7}% 60
\BOOKMARK [1][-]{section.7.2}{A PyRAF Example with iraf.daofind\(\)}{chapter.7}% 61
\BOOKMARK [0][-]{chapter.8}{Resources}{}% 62
\BOOKMARK [1][-]{section.8.1}{Useful Links }{chapter.8}% 63
\BOOKMARK [1][-]{section.8.2}{Mailing Lists}{chapter.8}% 64
